<?xml version="1.0" encoding="UTF-8"?>
<!-- Generated by org.testng.reporters.JUnitXMLReporter -->
<testsuite hostname="Liza" name="Validating title in the Page" tests="1" failures="1" timestamp="14 Jan 2018 03:01:01 GMT" time="25.921" errors="0">
  <testcase name="validateAppTitle" time="0.042" classname="Academy.validateTitle">
    <failure type="java.lang.AssertionError" message="expected [FEATURED CO123URSES] but found [FEATURED COURSES]">
      <![CDATA[java.lang.AssertionError: expected [FEATURED CO123URSES] but found [FEATURED COURSES]
	at Academy.validateTitle.validateAppTitle(validateTitle.java:41)
... Removed 29 stack frames]]>
    </failure>
  </testcase> <!-- validateAppTitle -->
</testsuite> <!-- Validating title in the Page -->
